Build started 3/28/2017 11:17:03 AM.
     1>Project "c:\Users\td137139\documents\visual studio 2013\Projects\simplecalculator\simplecalculator\simplecalculator.vcxproj" on node 2 (Build target(s)).
     1>Link:
         C:\Program Files (x86)\Microsoft Visual Studio 12.0\VC\bin\link.exe /ERRORREPORT:PROMPT /OUT:"c:\users\td137139\documents\visual studio 2013\Projects\simplecalculator\Debug\simplecalculator.exe" /INCREMENTAL /NOLOGO kernel32.lib user32.lib gdi32.lib winspool.lib comdlg32.lib advapi32.lib shell32.lib ole32.lib oleaut32.lib uuid.lib odbc32.lib odbccp32.lib /MANIFEST /MANIFESTUAC:"level='asInvoker' uiAccess='false'" /manifest:embed /DEBUG /PDB:"c:\users\td137139\documents\visual studio 2013\Projects\simplecalculator\Debug\simplecalculator.pdb" /SUBSYSTEM:CONSOLE /TLBID:1 /DYNAMICBASE /NXCOMPAT /IMPLIB:"c:\users\td137139\documents\visual studio 2013\Projects\simplecalculator\Debug\simplecalculator.lib" /MACHINE:X86 Debug\ReallyExpensiveCalculator.obj
         Debug\Source.obj
     1>Source.obj : error LNK2005: _main already defined in ReallyExpensiveCalculator.obj
     1>c:\users\td137139\documents\visual studio 2013\Projects\simplecalculator\Debug\simplecalculator.exe : fatal error LNK1169: one or more multiply defined symbols found
     1>Done Building Project "c:\Users\td137139\documents\visual studio 2013\Projects\simplecalculator\simplecalculator\simplecalculator.vcxproj" (Build target(s)) -- FAILED.

Build FAILED.

Time Elapsed 00:00:00.21
